# JRE version: Java(TM) SE Runtime Environment (8.0_172-b11) (build 1.8.0_172-b11)
# Java VM: Java HotSpot(TM) 64-Bit Server VM (25.172-b11 mixed mode windows-amd64 compressed oops)
Heap:
 PSYoungGen      total 262144K, used 4356K [0x00000000d8400000, 0x00000000ea180000, 0x0000000100000000)
  eden space 242176K, 1% used [0x00000000d8400000,0x00000000d8841068,0x00000000e7080000)
  from space 19968K, 0% used [0x00000000e7a80000,0x00000000e7a80000,0x00000000e8e00000)
  to   space 15872K, 0% used [0x00000000e9200000,0x00000000e9200000,0x00000000ea180000)
 ParOldGen       total 52224K, used 29966K [0x0000000088c00000, 0x000000008bf00000, 0x00000000d8400000)
  object space 52224K, 57% used [0x0000000088c00000,0x000000008a9438f0,0x000000008bf00000)
 Metaspace       used 54561K, capacity 57232K, committed 57472K, reserved 1099776K
  class space    used 7826K, capacity 8307K, committed 8320K, reserved 1048576K
GC Heap History (10 events):
Event: 5.226 GC heap before
{Heap before GC invocations=10 (full 1):
 PSYoungGen      total 201728K, used 106650K [0x00000000d8400000, 0x00000000e5900000, 0x0000000100000000)
  eden space 191488K, 50% used [0x00000000d8400000,0x00000000de227240,0x00000000e3f00000)
  from space 10240K, 99% used [0x00000000e4d00000,0x00000000e56ff948,0x00000000e5700000)
  to   space 13312K, 0% used [0x00000000e3f00000,0x00000000e3f00000,0x00000000e4c00000)
 ParOldGen       total 52224K, used 11093K [0x0000000088c00000, 0x000000008bf00000, 0x00000000d8400000)
  object space 52224K, 21% used [0x0000000088c00000,0x00000000896d56b8,0x000000008bf00000)
 Metaspace       used 33720K, capacity 35304K, committed 35456K, reserved 1079296K
  class space    used 4553K, capacity 4891K, committed 4992K, reserved 1048576K
Event: 5.248 GC heap after
Heap after GC invocations=10 (full 1):
 PSYoungGen      total 204800K, used 13302K [0x00000000d8400000, 0x00000000ea180000, 0x0000000100000000)
  eden space 191488K, 0% used [0x00000000d8400000,0x00000000d8400000,0x00000000e3f00000)
  from space 13312K, 99% used [0x00000000e3f00000,0x00000000e4bfd830,0x00000000e4c00000)
  to   space 15872K, 0% used [0x00000000e9200000,0x00000000e9200000,0x00000000ea180000)
 ParOldGen       total 52224K, used 12892K [0x0000000088c00000, 0x000000008bf00000, 0x00000000d8400000)
  object space 52224K, 24% used [0x0000000088c00000,0x00000000898970e0,0x000000008bf00000)
 Metaspace       used 33720K, capacity 35304K, committed 35456K, reserved 1079296K
  class space    used 4553K, capacity 4891K, committed 4992K, reserved 1048576K
}
Event: 5.248 GC heap before
{Heap before GC invocations=11 (full 2):
 PSYoungGen      total 204800K, used 13302K [0x00000000d8400000, 0x00000000ea180000, 0x0000000100000000)
  eden space 191488K, 0% used [0x00000000d8400000,0x00000000d8400000,0x00000000e3f00000)
  from space 13312K, 99% used [0x00000000e3f00000,0x00000000e4bfd830,0x00000000e4c00000)
  to   space 15872K, 0% used [0x00000000e9200000,0x00000000e9200000,0x00000000ea180000)
 ParOldGen       total 52224K, used 12892K [0x0000000088c00000, 0x000000008bf00000, 0x00000000d8400000)
  object space 52224K, 24% used [0x0000000088c00000,0x00000000898970e0,0x000000008bf00000)
 Metaspace       used 33720K, capacity 35304K, committed 35456K, reserved 1079296K
  class space    used 4553K, capacity 4891K, committed 4992K, reserved 1048576K
Event: 5.351 GC heap after
Heap after GC invocations=11 (full 2):
 PSYoungGen      total 204800K, used 0K [0x00000000d8400000, 0x00000000ea180000, 0x0000000100000000)
  eden space 191488K, 0% used [0x00000000d8400000,0x00000000d8400000,0x00000000e3f00000)
  from space 13312K, 0% used [0x00000000e3f00000,0x00000000e3f00000,0x00000000e4c00000)
  to   space 15872K, 0% used [0x00000000e9200000,0x00000000e9200000,0x00000000ea180000)
 ParOldGen       total 52224K, used 21280K [0x0000000088c00000, 0x000000008bf00000, 0x00000000d8400000)
  object space 52224K, 40% used [0x0000000088c00000,0x000000008a0c81b0,0x000000008bf00000)
 Metaspace       used 33720K, capacity 35304K, committed 35456K, reserved 1079296K
  class space    used 4553K, capacity 4891K, committed 4992K, reserved 1048576K
}
Event: 8.099 GC heap before
{Heap before GC invocations=12 (full 2):
 PSYoungGen      total 204800K, used 191488K [0x00000000d8400000, 0x00000000ea180000, 0x0000000100000000)
  eden space 191488K, 100% used [0x00000000d8400000,0x00000000e3f00000,0x00000000e3f00000)
  from space 13312K, 0% used [0x00000000e3f00000,0x00000000e3f00000,0x00000000e4c00000)
  to   space 15872K, 0% used [0x00000000e9200000,0x00000000e9200000,0x00000000ea180000)
 ParOldGen       total 52224K, used 21280K [0x0000000088c00000, 0x000000008bf00000, 0x00000000d8400000)
  object space 52224K, 40% used [0x0000000088c00000,0x000000008a0c81b0,0x000000008bf00000)
 Metaspace       used 51522K, capacity 53892K, committed 54016K, reserved 1095680K
  class space    used 7373K, capacity 7849K, committed 7936K, reserved 1048576K
Event: 8.134 GC heap after
Heap after GC invocations=12 (full 2):
 PSYoungGen      total 258048K, used 15863K [0x00000000d8400000, 0x00000000ea180000, 0x0000000100000000)
  eden space 242176K, 0% used [0x00000000d8400000,0x00000000d8400000,0x00000000e7080000)
  from space 15872K, 99% used [0x00000000e9200000,0x00000000ea17ddb0,0x00000000ea180000)
  to   space 19968K, 0% used [0x00000000e7a80000,0x00000000e7a80000,0x00000000e8e00000)
 ParOldGen       total 52224K, used 25216K [0x0000000088c00000, 0x000000008bf00000, 0x00000000d8400000)
  object space 52224K, 48% used [0x0000000088c00000,0x000000008a4a01a0,0x000000008bf00000)
 Metaspace       used 51522K, capacity 53892K, committed 54016K, reserved 1095680K
  class space    used 7373K, capacity 7849K, committed 7936K, reserved 1048576K
}
Event: 9.038 GC heap before
{Heap before GC invocations=13 (full 2):
 PSYoungGen      total 258048K, used 105791K [0x00000000d8400000, 0x00000000ea180000, 0x0000000100000000)
  eden space 242176K, 37% used [0x00000000d8400000,0x00000000ddbd2150,0x00000000e7080000)
  from space 15872K, 99% used [0x00000000e9200000,0x00000000ea17ddb0,0x00000000ea180000)
  to   space 19968K, 0% used [0x00000000e7a80000,0x00000000e7a80000,0x00000000e8e00000)
 ParOldGen       total 52224K, used 25216K [0x0000000088c00000, 0x000000008bf00000, 0x00000000d8400000)
  object space 52224K, 48% used [0x0000000088c00000,0x000000008a4a01a0,0x000000008bf00000)
 Metaspace       used 54557K, capacity 57174K, committed 57216K, reserved 1101824K
  class space    used 7821K, capacity 8308K, committed 8320K, reserved 1048576K
Event: 9.064 GC heap after
Heap after GC invocations=13 (full 2):
 PSYoungGen      total 262144K, used 6698K [0x00000000d8400000, 0x00000000ea180000, 0x0000000100000000)
  eden space 242176K, 0% used [0x00000000d8400000,0x00000000d8400000,0x00000000e7080000)
  from space 19968K, 33% used [0x00000000e7a80000,0x00000000e810aa90,0x00000000e8e00000)
  to   space 15872K, 0% used [0x00000000e9200000,0x00000000e9200000,0x00000000ea180000)
 ParOldGen       total 52224K, used 31172K [0x0000000088c00000, 0x000000008bf00000, 0x00000000d8400000)
  object space 52224K, 59% used [0x0000000088c00000,0x000000008aa713d0,0x000000008bf00000)
 Metaspace       used 54557K, capacity 57174K, committed 57216K, reserved 1101824K
  class space    used 7821K, capacity 8308K, committed 8320K, reserved 1048576K
}
Event: 9.064 GC heap before
{Heap before GC invocations=14 (full 3):
 PSYoungGen      total 262144K, used 6698K [0x00000000d8400000, 0x00000000ea180000, 0x0000000100000000)
  eden space 242176K, 0% used [0x00000000d8400000,0x00000000d8400000,0x00000000e7080000)
  from space 19968K, 33% used [0x00000000e7a80000,0x00000000e810aa90,0x00000000e8e00000)
  to   space 15872K, 0% used [0x00000000e9200000,0x00000000e9200000,0x00000000ea180000)
 ParOldGen       total 52224K, used 31172K [0x0000000088c00000, 0x000000008bf00000, 0x00000000d8400000)
  object space 52224K, 59% used [0x0000000088c00000,0x000000008aa713d0,0x000000008bf00000)
 Metaspace       used 54557K, capacity 57174K, committed 57216K, reserved 1101824K
  class space    used 7821K, capacity 8308K, committed 8320K, reserved 1048576K
Event: 9.283 GC heap after
Heap after GC invocations=14 (full 3):
 PSYoungGen      total 262144K, used 0K [0x00000000d8400000, 0x00000000ea180000, 0x0000000100000000)
  eden space 242176K, 0% used [0x00000000d8400000,0x00000000d8400000,0x00000000e7080000)
  from space 19968K, 0% used [0x00000000e7a80000,0x00000000e7a80000,0x00000000e8e00000)
  to   space 15872K, 0% used [0x00000000e9200000,0x00000000e9200000,0x00000000ea180000)
 ParOldGen       total 52224K, used 29966K [0x0000000088c00000, 0x000000008bf00000, 0x00000000d8400000)
  object space 52224K, 57% used [0x0000000088c00000,0x000000008a9438f0,0x000000008bf00000)
 Metaspace       used 54550K, capacity 57162K, committed 57216K, reserved 1099776K
  class space    used 7820K, capacity 8306K, committed 8320K, reserved 1048576K
}

